This is pdfTeX, Version 3.1415926-2.3-1.40.12 (TeX Live 2011) (format=pdflatex 2011.7.3)  26 FEB 2015 08:34
entering extended mode
 restricted \write18 enabled.
 %&-line parsing enabled.
**Class1.tex
(./Class1.tex
LaTeX2e <2009/09/24>
Babel <v3.8l> and hyphenation patterns for english, dumylang, nohyphenation, ge
rman-x-2009-06-19, ngerman-x-2009-06-19, afrikaans, ancientgreek, ibycus, arabi
c, armenian, basque, bulgarian, catalan, pinyin, coptic, croatian, czech, danis
h, dutch, ukenglish, usenglishmax, esperanto, estonian, ethiopic, farsi, finnis
h, french, galician, german, ngerman, swissgerman, monogreek, greek, hungarian,
 icelandic, assamese, bengali, gujarati, hindi, kannada, malayalam, marathi, or
iya, panjabi, tamil, telugu, indonesian, interlingua, irish, italian, kurmanji,
 lao, latin, latvian, lithuanian, mongolian, mongolianlmc, bokmal, nynorsk, pol
ish, portuguese, romanian, russian, sanskrit, serbian, serbianc, slovak, sloven
ian, spanish, swedish, turkish, turkmen, ukrainian, uppersorbian, welsh, loaded
.
(/usr/local/texlive/2011/texmf-dist/tex/latex/beamer/beamer.cls
(/usr/local/texlive/2011/texmf-dist/tex/latex/beamer/beamerbasercs.sty
Package: beamerbasercs 2010/06/12 (rcs-revision c3821710bb40)
)
Document Class: beamer 2010/06/21 development version 3.10 A class for typesett
ing presentations (rcs-revision a6b1a8434d30)
(/usr/local/texlive/2011/texmf-dist/tex/latex/beamer/beamerbasemodes.sty
Package: beamerbasemodes 2010/05/01 (rcs-revision efa082c6111d)
\beamer@tempbox=\box26
\beamer@tempcount=\count79
\c@beamerpauses=\count80

(/usr/local/texlive/2011/texmf-dist/tex/latex/beamer/beamerbasedecode.sty
Package: beamerbasedecode 2010/05/01 (rcs-revision efa082c6111d)
\beamer@slideinframe=\count81
\beamer@minimum=\count82
)
\beamer@commentbox=\box27
\beamer@modecount=\count83
)
\headheight=\dimen102
\headdp=\dimen103
\footheight=\dimen104
\sidebarheight=\dimen105
\beamer@tempdim=\dimen106
\beamer@finalheight=\dimen107
\beamer@animht=\dimen108
\beamer@animdp=\dimen109
\beamer@animwd=\dimen110
\beamer@leftmargin=\dimen111
\beamer@rightmargin=\dimen112
\beamer@leftsidebar=\dimen113
\beamer@rightsidebar=\dimen114
\beamer@boxsize=\dimen115
\beamer@vboxoffset=\dimen116
\beamer@descdefault=\dimen117
\beamer@descriptionwidth=\dimen118
\beamer@lastskip=\skip41
\beamer@areabox=\box28
\beamer@animcurrent=\box29
\beamer@animshowbox=\box30
\beamer@sectionbox=\box31
\beamer@logobox=\box32
\beamer@linebox=\box33
\beamer@sectioncount=\count84
\beamer@subsubsectionmax=\count85
\beamer@subsectionmax=\count86
\beamer@sectionmax=\count87
\beamer@totalheads=\count88
\beamer@headcounter=\count89
\beamer@partstartpage=\count90
\beamer@sectionstartpage=\count91
\beamer@subsectionstartpage=\count92
\beamer@animationtempa=\count93
\beamer@animationtempb=\count94
\beamer@xpos=\count95
\beamer@ypos=\count96
\beamer@showpartnumber=\count97
\beamer@currentsubsection=\count98
\beamer@coveringdepth=\count99
\beamer@sectionadjust=\count100
\beamer@tocsectionnumber=\count101

(/usr/local/texlive/2011/texmf-dist/tex/latex/beamer/beamerbaseoptions.sty
Package: beamerbaseoptions 2010/04/27 (rcs-revision 982469101dd6)

(/usr/local/texlive/2011/texmf-dist/tex/latex/graphics/keyval.sty
Package: keyval 1999/03/16 v1.13 key=value parser (DPC)
\KV@toks@=\toks14
))
\beamer@paperwidth=\skip42
\beamer@paperheight=\skip43

(/usr/local/texlive/2011/texmf-dist/tex/latex/geometry/geometry.sty
Package: geometry 2010/09/12 v5.6 Page Geometry

(/usr/local/texlive/2011/texmf-dist/tex/generic/oberdiek/ifpdf.sty
Package: ifpdf 2011/01/30 v2.3 Provides the ifpdf switch (HO)
Package ifpdf Info: pdfTeX in PDF mode is detected.
)
(/usr/local/texlive/2011/texmf-dist/tex/generic/oberdiek/ifvtex.sty
Package: ifvtex 2010/03/01 v1.5 Switches for detecting VTeX and its modes (HO)
Package ifvtex Info: VTeX not detected.
)
(/usr/local/texlive/2011/texmf-dist/tex/generic/ifxetex/ifxetex.sty
Package: ifxetex 2010/09/12 v0.6 Provides ifxetex conditional
)
\Gm@cnth=\count102
\Gm@cntv=\count103
\c@Gm@tempcnt=\count104
\Gm@bindingoffset=\dimen119
\Gm@wd@mp=\dimen120
\Gm@odd@mp=\dimen121
\Gm@even@mp=\dimen122
\Gm@layoutwidth=\dimen123
\Gm@layoutheight=\dimen124
\Gm@layouthoffset=\dimen125
\Gm@layoutvoffset=\dimen126
\Gm@dimlist=\toks15
)
(/usr/local/texlive/2011/texmf-dist/tex/latex/base/size12.clo
File: size12.clo 2007/10/19 v1.4h Standard LaTeX file (size option)
)
(/usr/local/texlive/2011/texmf-dist/tex/latex/pgf/basiclayer/pgfcore.sty
(/usr/local/texlive/2011/texmf-dist/tex/latex/graphics/graphicx.sty
Package: graphicx 1999/02/16 v1.0f Enhanced LaTeX Graphics (DPC,SPQR)

(/usr/local/texlive/2011/texmf-dist/tex/latex/graphics/graphics.sty
Package: graphics 2009/02/05 v1.0o Standard LaTeX Graphics (DPC,SPQR)

(/usr/local/texlive/2011/texmf-dist/tex/latex/graphics/trig.sty
Package: trig 1999/03/16 v1.09 sin cos tan (DPC)
)
(/usr/local/texlive/2011/texmf-dist/tex/latex/latexconfig/graphics.cfg
File: graphics.cfg 2010/04/23 v1.9 graphics configuration of TeX Live
)
Package graphics Info: Driver file: pdftex.def on input line 91.

(/usr/local/texlive/2011/texmf-dist/tex/latex/pdftex-def/pdftex.def
File: pdftex.def 2011/05/27 v0.06d Graphics/color for pdfTeX

(/usr/local/texlive/2011/texmf-dist/tex/generic/oberdiek/infwarerr.sty
Package: infwarerr 2010/04/08 v1.3 Providing info/warning/message (HO)
)
(/usr/local/texlive/2011/texmf-dist/tex/generic/oberdiek/ltxcmds.sty
Package: ltxcmds 2011/04/18 v1.20 LaTeX kernel commands for general use (HO)
)
\Gread@gobject=\count105
))
\Gin@req@height=\dimen127
\Gin@req@width=\dimen128
)
(/usr/local/texlive/2011/texmf-dist/tex/latex/pgf/systemlayer/pgfsys.sty
(/usr/local/texlive/2011/texmf-dist/tex/latex/pgf/utilities/pgfrcs.sty
(/usr/local/texlive/2011/texmf-dist/tex/generic/pgf/utilities/pgfutil-common.te
x
\pgfutil@everybye=\toks16
)
(/usr/local/texlive/2011/texmf-dist/tex/generic/pgf/utilities/pgfutil-latex.def
\pgfutil@abb=\box34
(/usr/local/texlive/2011/texmf-dist/tex/latex/ms/everyshi.sty
Package: everyshi 2001/05/15 v3.00 EveryShipout Package (MS)
))
(/usr/local/texlive/2011/texmf-dist/tex/generic/pgf/utilities/pgfrcs.code.tex
Package: pgfrcs 2010/10/25 v2.10 (rcs-revision 1.24)
))
(/usr/local/texlive/2011/texmf-dist/tex/generic/pgf/systemlayer/pgfsys.code.tex
Package: pgfsys 2010/06/30 v2.10 (rcs-revision 1.37)
(/usr/local/texlive/2011/texmf-dist/tex/generic/pgf/utilities/pgfkeys.code.tex
\pgfkeys@pathtoks=\toks17
\pgfkeys@temptoks=\toks18

(/usr/local/texlive/2011/texmf-dist/tex/generic/pgf/utilities/pgfkeysfiltered.c
ode.tex
\pgfkeys@tmptoks=\toks19
))
\pgf@x=\dimen129
\pgf@y=\dimen130
\pgf@xa=\dimen131
\pgf@ya=\dimen132
\pgf@xb=\dimen133
\pgf@yb=\dimen134
\pgf@xc=\dimen135
\pgf@yc=\dimen136
\w@pgf@writea=\write3
\r@pgf@reada=\read1
\c@pgf@counta=\count106
\c@pgf@countb=\count107
\c@pgf@countc=\count108
\c@pgf@countd=\count109

(/usr/local/texlive/2011/texmf-dist/tex/generic/pgf/systemlayer/pgf.cfg
File: pgf.cfg 2008/05/14  (rcs-revision 1.7)
)
Package pgfsys Info: Driver file for pgf: pgfsys-pdftex.def on input line 900.

(/usr/local/texlive/2011/texmf-dist/tex/generic/pgf/systemlayer/pgfsys-pdftex.d
ef
File: pgfsys-pdftex.def 2009/05/22  (rcs-revision 1.26)

(/usr/local/texlive/2011/texmf-dist/tex/generic/pgf/systemlayer/pgfsys-common-p
df.def
File: pgfsys-common-pdf.def 2008/05/19  (rcs-revision 1.10)
)))
(/usr/local/texlive/2011/texmf-dist/tex/generic/pgf/systemlayer/pgfsyssoftpath.
code.tex
File: pgfsyssoftpath.code.tex 2008/07/18  (rcs-revision 1.7)
\pgfsyssoftpath@smallbuffer@items=\count110
\pgfsyssoftpath@bigbuffer@items=\count111
)
(/usr/local/texlive/2011/texmf-dist/tex/generic/pgf/systemlayer/pgfsysprotocol.
code.tex
File: pgfsysprotocol.code.tex 2006/10/16  (rcs-revision 1.4)
)) (/usr/local/texlive/2011/texmf-dist/tex/latex/xcolor/xcolor.sty
Package: xcolor 2007/01/21 v2.11 LaTeX color extensions (UK)

(/usr/local/texlive/2011/texmf-dist/tex/latex/latexconfig/color.cfg
File: color.cfg 2007/01/18 v1.5 color configuration of teTeX/TeXLive
)
Package xcolor Info: Driver file: pdftex.def on input line 225.
Package xcolor Info: Model `cmy' substituted by `cmy0' on input line 1337.
Package xcolor Info: Model `hsb' substituted by `rgb' on input line 1341.
Package xcolor Info: Model `RGB' extended on input line 1353.
Package xcolor Info: Model `HTML' substituted by `rgb' on input line 1355.
Package xcolor Info: Model `Hsb' substituted by `hsb' on input line 1356.
Package xcolor Info: Model `tHsb' substituted by `hsb' on input line 1357.
Package xcolor Info: Model `HSB' substituted by `hsb' on input line 1358.
Package xcolor Info: Model `Gray' substituted by `gray' on input line 1359.
Package xcolor Info: Model `wave' substituted by `hsb' on input line 1360.
)
(/usr/local/texlive/2011/texmf-dist/tex/generic/pgf/basiclayer/pgfcore.code.tex
Package: pgfcore 2010/04/11 v2.10 (rcs-revision 1.7)
(/usr/local/texlive/2011/texmf-dist/tex/generic/pgf/math/pgfmath.code.tex
(/usr/local/texlive/2011/texmf-dist/tex/generic/pgf/math/pgfmathcalc.code.tex
(/usr/local/texlive/2011/texmf-dist/tex/generic/pgf/math/pgfmathutil.code.tex)
(/usr/local/texlive/2011/texmf-dist/tex/generic/pgf/math/pgfmathparser.code.tex
\pgfmath@dimen=\dimen137
\pgfmath@count=\count112
\pgfmath@box=\box35
\pgfmath@toks=\toks20
\pgfmath@stack@operand=\toks21
\pgfmath@stack@operation=\toks22
)
(/usr/local/texlive/2011/texmf-dist/tex/generic/pgf/math/pgfmathfunctions.code.
tex
(/usr/local/texlive/2011/texmf-dist/tex/generic/pgf/math/pgfmathfunctions.basic
.code.tex)
(/usr/local/texlive/2011/texmf-dist/tex/generic/pgf/math/pgfmathfunctions.trigo
nometric.code.tex)
(/usr/local/texlive/2011/texmf-dist/tex/generic/pgf/math/pgfmathfunctions.rando
m.code.tex)
(/usr/local/texlive/2011/texmf-dist/tex/generic/pgf/math/pgfmathfunctions.compa
rison.code.tex)
(/usr/local/texlive/2011/texmf-dist/tex/generic/pgf/math/pgfmathfunctions.base.
code.tex)
(/usr/local/texlive/2011/texmf-dist/tex/generic/pgf/math/pgfmathfunctions.round
.code.tex)
(/usr/local/texlive/2011/texmf-dist/tex/generic/pgf/math/pgfmathfunctions.misc.
code.tex)))
(/usr/local/texlive/2011/texmf-dist/tex/generic/pgf/math/pgfmathfloat.code.tex
\c@pgfmathroundto@lastzeros=\count113
))
(/usr/local/texlive/2011/texmf-dist/tex/generic/pgf/basiclayer/pgfcorepoints.co
de.tex
File: pgfcorepoints.code.tex 2010/04/09  (rcs-revision 1.20)
\pgf@picminx=\dimen138
\pgf@picmaxx=\dimen139
\pgf@picminy=\dimen140
\pgf@picmaxy=\dimen141
\pgf@pathminx=\dimen142
\pgf@pathmaxx=\dimen143
\pgf@pathminy=\dimen144
\pgf@pathmaxy=\dimen145
\pgf@xx=\dimen146
\pgf@xy=\dimen147
\pgf@yx=\dimen148
\pgf@yy=\dimen149
\pgf@zx=\dimen150
\pgf@zy=\dimen151
)
(/usr/local/texlive/2011/texmf-dist/tex/generic/pgf/basiclayer/pgfcorepathconst
ruct.code.tex
File: pgfcorepathconstruct.code.tex 2010/08/03  (rcs-revision 1.24)
\pgf@path@lastx=\dimen152
\pgf@path@lasty=\dimen153
)
(/usr/local/texlive/2011/texmf-dist/tex/generic/pgf/basiclayer/pgfcorepathusage
.code.tex
File: pgfcorepathusage.code.tex 2008/04/22  (rcs-revision 1.12)
\pgf@shorten@end@additional=\dimen154
\pgf@shorten@start@additional=\dimen155
)
(/usr/local/texlive/2011/texmf-dist/tex/generic/pgf/basiclayer/pgfcorescopes.co
de.tex
File: pgfcorescopes.code.tex 2010/09/08  (rcs-revision 1.34)
\pgfpic=\box36
\pgf@hbox=\box37
\pgf@layerbox@main=\box38
\pgf@picture@serial@count=\count114
)
(/usr/local/texlive/2011/texmf-dist/tex/generic/pgf/basiclayer/pgfcoregraphicst
ate.code.tex
File: pgfcoregraphicstate.code.tex 2008/04/22  (rcs-revision 1.9)
\pgflinewidth=\dimen156
)
(/usr/local/texlive/2011/texmf-dist/tex/generic/pgf/basiclayer/pgfcoretransform
ations.code.tex
File: pgfcoretransformations.code.tex 2009/06/10  (rcs-revision 1.11)
\pgf@pt@x=\dimen157
\pgf@pt@y=\dimen158
\pgf@pt@temp=\dimen159
)
(/usr/local/texlive/2011/texmf-dist/tex/generic/pgf/basiclayer/pgfcorequick.cod
e.tex
File: pgfcorequick.code.tex 2008/10/09  (rcs-revision 1.3)
)
(/usr/local/texlive/2011/texmf-dist/tex/generic/pgf/basiclayer/pgfcoreobjects.c
ode.tex
File: pgfcoreobjects.code.tex 2006/10/11  (rcs-revision 1.2)
)
(/usr/local/texlive/2011/texmf-dist/tex/generic/pgf/basiclayer/pgfcorepathproce
ssing.code.tex
File: pgfcorepathprocessing.code.tex 2008/10/09  (rcs-revision 1.8)
)
(/usr/local/texlive/2011/texmf-dist/tex/generic/pgf/basiclayer/pgfcorearrows.co
de.tex
File: pgfcorearrows.code.tex 2008/04/23  (rcs-revision 1.11)
)
(/usr/local/texlive/2011/texmf-dist/tex/generic/pgf/basiclayer/pgfcoreshade.cod
e.tex
File: pgfcoreshade.code.tex 2008/11/23  (rcs-revision 1.13)
\pgf@max=\dimen160
\pgf@sys@shading@range@num=\count115
)
(/usr/local/texlive/2011/texmf-dist/tex/generic/pgf/basiclayer/pgfcoreimage.cod
e.tex
File: pgfcoreimage.code.tex 2010/03/25  (rcs-revision 1.16)

(/usr/local/texlive/2011/texmf-dist/tex/generic/pgf/basiclayer/pgfcoreexternal.
code.tex
File: pgfcoreexternal.code.tex 2010/09/01  (rcs-revision 1.17)
\pgfexternal@startupbox=\box39
))
(/usr/local/texlive/2011/texmf-dist/tex/generic/pgf/basiclayer/pgfcorelayers.co
de.tex
File: pgfcorelayers.code.tex 2010/08/27  (rcs-revision 1.2)
)
(/usr/local/texlive/2011/texmf-dist/tex/generic/pgf/basiclayer/pgfcoretranspare
ncy.code.tex
File: pgfcoretransparency.code.tex 2008/01/17  (rcs-revision 1.2)
)
(/usr/local/texlive/2011/texmf-dist/tex/generic/pgf/basiclayer/pgfcorepatterns.
code.tex
File: pgfcorepatterns.code.tex 2009/07/02  (rcs-revision 1.3)
)))
(/usr/local/texlive/2011/texmf-dist/tex/latex/pgf/utilities/xxcolor.sty
Package: xxcolor 2003/10/24 ver 0.1
\XC@nummixins=\count116
\XC@countmixins=\count117
)
(/usr/local/texlive/2011/texmf-dist/tex/latex/hyperref/hyperref.sty
Package: hyperref 2011/04/17 v6.82g Hypertext links for LaTeX

(/usr/local/texlive/2011/texmf-dist/tex/generic/oberdiek/hobsub-hyperref.sty
Package: hobsub-hyperref 2011/04/23 v1.4 Bundle oberdiek, subset hyperref (HO)

(/usr/local/texlive/2011/texmf-dist/tex/generic/oberdiek/hobsub-generic.sty
Package: hobsub-generic 2011/04/23 v1.4 Bundle oberdiek, subset generic (HO)
Package: hobsub 2011/04/23 v1.4 Subsetting bundle oberdiek (HO)
Package hobsub Info: Skipping package `infwarerr' (already loaded).
Package hobsub Info: Skipping package `ltxcmds' (already loaded).
Package: ifluatex 2010/03/01 v1.3 Provides the ifluatex switch (HO)
Package ifluatex Info: LuaTeX not detected.
Package hobsub Info: Skipping package `ifvtex' (already loaded).
Package: intcalc 2007/09/27 v1.1 Expandable integer calculations (HO)
Package hobsub Info: Skipping package `ifpdf' (already loaded).
Package: etexcmds 2011/02/16 v1.5 Prefix for e-TeX command names (HO)
Package etexcmds Info: Could not find \expanded.
(etexcmds)             That can mean that you are not using pdfTeX 1.50 or
(etexcmds)             that some package has redefined \expanded.
(etexcmds)             In the latter case, load this package earlier.
Package: kvsetkeys 2011/04/07 v1.13 Key value parser (HO)
Package: kvdefinekeys 2011/04/07 v1.3 Defining keys (HO)
Package: pdftexcmds 2011/04/22 v0.16 Utilities of pdfTeX for LuaTeX (HO)
Package pdftexcmds Info: LuaTeX not detected.
Package pdftexcmds Info: \pdf@primitive is available.
Package pdftexcmds Info: \pdf@ifprimitive is available.
Package pdftexcmds Info: \pdfdraftmode found.
Package: pdfescape 2011/04/04 v1.12 Provides string conversions (HO)
Package: bigintcalc 2011/01/30 v1.2 Expandable big integer calculations (HO)
Package: bitset 2011/01/30 v1.1 Data type bit set (HO)
Package: uniquecounter 2011/01/30 v1.2 Provides unlimited unique counter (HO)
)
Package hobsub Info: Skipping package `hobsub' (already loaded).
Package: letltxmacro 2010/09/02 v1.4 Let assignment for LaTeX macros (HO)
Package: hopatch 2011/01/30 v1.0 Wrapper for package hooks (HO)
Package: xcolor-patch 2011/01/30 xcolor patch
Package: atveryend 2011/04/23 v1.7 Hooks at very end of document (HO)
Package atveryend Info: \enddocument detected (standard).
Package: atbegshi 2011/01/30 v1.15 At begin shipout hook (HO)
Package: refcount 2010/12/01 v3.2 Data extraction from references (HO)
Package: hycolor 2011/01/30 v1.7 Color options of hyperref/bookmark (HO)
)
(/usr/local/texlive/2011/texmf-dist/tex/latex/oberdiek/kvoptions.sty
Package: kvoptions 2010/12/23 v3.10 Keyval support for LaTeX options (HO)
)
\@linkdim=\dimen161
\Hy@linkcounter=\count118
\Hy@pagecounter=\count119

(/usr/local/texlive/2011/texmf-dist/tex/latex/hyperref/pd1enc.def
File: pd1enc.def 2011/04/17 v6.82g Hyperref: PDFDocEncoding definition (HO)
)
\Hy@SavedSpaceFactor=\count120

(/usr/local/texlive/2011/texmf-dist/tex/latex/latexconfig/hyperref.cfg
File: hyperref.cfg 2002/06/06 v1.2 hyperref configuration of TeXLive
)
Package hyperref Info: Option `bookmarks' set `true' on input line 3905.
Package hyperref Info: Option `bookmarksopen' set `true' on input line 3905.
Package hyperref Info: Option `implicit' set `false' on input line 3905.
Package hyperref Info: Hyper figures OFF on input line 4026.
Package hyperref Info: Link nesting OFF on input line 4031.
Package hyperref Info: Hyper index ON on input line 4034.
Package hyperref Info: Plain pages OFF on input line 4041.
Package hyperref Info: Backreferencing OFF on input line 4046.
Package hyperref Info: Implicit mode OFF; no redefinition of LaTeX internals.
Package hyperref Info: Bookmarks ON on input line 4264.
\c@Hy@tempcnt=\count121

(/usr/local/texlive/2011/texmf-dist/tex/latex/url/url.sty
\Urlmuskip=\muskip10
Package: url 2006/04/12  ver 3.3  Verb mode for urls, etc.
)
LaTeX Info: Redefining \url on input line 4617.
\Fld@menulength=\count122
\Field@Width=\dimen162
\Fld@charsize=\dimen163
Package hyperref Info: Hyper figures OFF on input line 5701.
Package hyperref Info: Link nesting OFF on input line 5706.
Package hyperref Info: Hyper index ON on input line 5709.
Package hyperref Info: backreferencing OFF on input line 5716.
Package hyperref Info: Link coloring OFF on input line 5721.
Package hyperref Info: Link coloring with OCG OFF on input line 5726.
Package hyperref Info: PDF/A mode OFF on input line 5731.
LaTeX Info: Redefining \ref on input line 5771.
LaTeX Info: Redefining \pageref on input line 5775.
\Hy@abspage=\count123


Package hyperref Message: Stopped early.

)

Package hyperref Message: Driver (autodetected): hpdftex.

(/usr/local/texlive/2011/texmf-dist/tex/latex/hyperref/hpdftex.def
File: hpdftex.def 2011/04/17 v6.82g Hyperref driver for pdfTeX
\Fld@listcount=\count124
\c@bookmark@seq@number=\count125

(/usr/local/texlive/2011/texmf-dist/tex/latex/oberdiek/rerunfilecheck.sty
Package: rerunfilecheck 2011/04/15 v1.7 Rerun checks for auxiliary files (HO)
Package uniquecounter Info: New unique counter `rerunfilecheck' on input line 2
82.
))
(/usr/local/texlive/2011/texmf-dist/tex/latex/beamer/beamerbaserequires.sty
Package: beamerbaserequires 2010/05/01  (rcs-revision efa082c6111d)

(/usr/local/texlive/2011/texmf-dist/tex/latex/beamer/beamerbasecompatibility.st
y
Package: beamerbasecompatibility 2010/07/12  (rcs-revision 6648c3177e4e)
) (/usr/local/texlive/2011/texmf-dist/tex/latex/beamer/beamerbasefont.sty
Package: beamerbasefont 2010/05/10  (rcs-revision cd36e8a33c6b)

(/usr/local/texlive/2011/texmf-dist/tex/latex/amsfonts/amssymb.sty
Package: amssymb 2009/06/22 v3.00

(/usr/local/texlive/2011/texmf-dist/tex/latex/amsfonts/amsfonts.sty
Package: amsfonts 2009/06/22 v3.00 Basic AMSFonts support
\@emptytoks=\toks23
\symAMSa=\mathgroup4
\symAMSb=\mathgroup5
LaTeX Font Info:    Overwriting math alphabet `\mathfrak' in version `bold'
(Font)                  U/euf/m/n --> U/euf/b/n on input line 96.
)))
(/usr/local/texlive/2011/texmf-dist/tex/latex/beamer/beamerbasetranslator.sty
Package: beamerbasetranslator 2010/06/11  (rcs-revision 85fd1cc7fc42)

(/usr/local/texlive/2011/texmf-dist/tex/latex/beamer/translator/translator.sty
Package: translator 2010/06/12 ver 1.10

(/usr/local/texlive/2011/texmf-dist/tex/latex/beamer/translator/translator-lang
uage-mappings.tex)))
(/usr/local/texlive/2011/texmf-dist/tex/latex/beamer/beamerbasemisc.sty
Package: beamerbasemisc 2010/06/06  (rcs-revision bff0a9294b45)
)
(/usr/local/texlive/2011/texmf-dist/tex/latex/beamer/beamerbasetwoscreens.sty
Package: beamerbasetwoscreens 2010/05/01  (rcs-revision efa082c6111d)
)
(/usr/local/texlive/2011/texmf-dist/tex/latex/beamer/beamerbaseoverlay.sty
Package: beamerbaseoverlay 2010/05/07  (rcs-revision 5584dad462a9)
\beamer@argscount=\count126
\beamer@lastskipcover=\skip44
\beamer@trivlistdepth=\count127
)
(/usr/local/texlive/2011/texmf-dist/tex/latex/beamer/beamerbasetitle.sty
Package: beamerbasetitle 2010/06/12  (rcs-revision 717e481ca47a)
)
(/usr/local/texlive/2011/texmf-dist/tex/latex/beamer/beamerbasesection.sty
Package: beamerbasesection 2010/06/17  (rcs-revision e0d9401bb743)
\c@lecture=\count128
\c@part=\count129
\c@section=\count130
\c@subsection=\count131
\c@subsubsection=\count132
)
(/usr/local/texlive/2011/texmf-dist/tex/latex/beamer/beamerbaseframe.sty
Package: beamerbaseframe 2010/06/06  (rcs-revision bff0a9294b45)
\beamer@framebox=\box40
\beamer@frametitlebox=\box41
\beamer@zoombox=\box42
\beamer@zoomcount=\count133
\beamer@zoomframecount=\count134
\beamer@frametextheight=\dimen164
\c@subsectionslide=\count135
\beamer@frametopskip=\skip45
\beamer@framebottomskip=\skip46
\beamer@frametopskipautobreak=\skip47
\beamer@framebottomskipautobreak=\skip48
\beamer@envbody=\toks24
\c@framenumber=\count136
)
(/usr/local/texlive/2011/texmf-dist/tex/latex/beamer/beamerbaseverbatim.sty
Package: beamerbaseverbatim 2010/05/01  (rcs-revision efa082c6111d)
\beamer@verbatimfileout=\write4
)
(/usr/local/texlive/2011/texmf-dist/tex/latex/beamer/beamerbaseframesize.sty
Package: beamerbaseframesize 2010/06/27  (rcs-revision 6baa2d92e6f1)
\beamer@splitbox=\box43
\beamer@autobreakcount=\count137
\beamer@autobreaklastheight=\dimen165
\beamer@frametitletoks=\toks25
\beamer@framesubtitletoks=\toks26
)
(/usr/local/texlive/2011/texmf-dist/tex/latex/beamer/beamerbaseframecomponents.
sty
Package: beamerbaseframecomponents 2010/07/12  (rcs-revision 09e82992d9b1)
\beamer@footins=\box44
) (/usr/local/texlive/2011/texmf-dist/tex/latex/beamer/beamerbasecolor.sty
Package: beamerbasecolor 2010/06/06  (rcs-revision d1a9b48be06d)
)
(/usr/local/texlive/2011/texmf-dist/tex/latex/beamer/beamerbasenotes.sty
Package: beamerbasenotes 2010/05/01  (rcs-revision efa082c6111d)
\beamer@frameboxcopy=\box45
)
(/usr/local/texlive/2011/texmf-dist/tex/latex/beamer/beamerbasetoc.sty
Package: beamerbasetoc 2010/06/11  (rcs-revision 242ecaa6783b)
)
(/usr/local/texlive/2011/texmf-dist/tex/latex/beamer/beamerbasetemplates.sty
Package: beamerbasetemplates 2010/05/01  (rcs-revision efa082c6111d)
\beamer@sbttoks=\toks27

(/usr/local/texlive/2011/texmf-dist/tex/latex/beamer/beamerbaseauxtemplates.sty
Package: beamerbaseauxtemplates 2010/05/01  (rcs-revision efa082c6111d)
(/usr/local/texlive/2011/texmf-dist/tex/latex/beamer/beamerbaseboxes.sty
Package: beamerbaseboxes 2010/05/01  (rcs-revision efa082c6111d)
\bmb@box=\box46
\bmb@colorbox=\box47
\bmb@boxshadow=\box48
\bmb@boxshadowball=\box49
\bmb@boxshadowballlarge=\box50
\bmb@temp=\dimen166
\bmb@dima=\dimen167
\bmb@dimb=\dimen168
\bmb@prevheight=\dimen169
)
\beamer@blockheadheight=\dimen170
))
(/usr/local/texlive/2011/texmf-dist/tex/latex/beamer/beamerbaselocalstructure.s
ty
Package: beamerbaselocalstructure 2010/06/01  (rcs-revision 81f9e33f7cc2)
 (/usr/local/texlive/2011/texmf-dist/tex/latex/tools/enumerate.sty
Package: enumerate 1999/03/05 v3.00 enumerate extensions (DPC)
\@enLab=\toks28
)
\c@figure=\count138
\c@table=\count139
\abovecaptionskip=\skip49
\belowcaptionskip=\skip50
)
(/usr/local/texlive/2011/texmf-dist/tex/latex/beamer/beamerbasenavigation.sty
Package: beamerbasenavigation 2010/05/01  (rcs-revision efa082c6111d)
)
(/usr/local/texlive/2011/texmf-dist/tex/latex/beamer/beamerbasetheorems.sty
Package: beamerbasetheorems 2010/06/06  (rcs-revision 7e7cc5e53e9d)

(/usr/local/texlive/2011/texmf-dist/tex/latex/amsmath/amsmath.sty
Package: amsmath 2000/07/18 v2.13 AMS math features
\@mathmargin=\skip51

For additional information on amsmath, use the `?' option.
(/usr/local/texlive/2011/texmf-dist/tex/latex/amsmath/amstext.sty
Package: amstext 2000/06/29 v2.01

(/usr/local/texlive/2011/texmf-dist/tex/latex/amsmath/amsgen.sty
File: amsgen.sty 1999/11/30 v2.0
\@emptytoks=\toks29
\ex@=\dimen171
))
(/usr/local/texlive/2011/texmf-dist/tex/latex/amsmath/amsbsy.sty
Package: amsbsy 1999/11/29 v1.2d
\pmbraise@=\dimen172
)
(/usr/local/texlive/2011/texmf-dist/tex/latex/amsmath/amsopn.sty
Package: amsopn 1999/12/14 v2.01 operator names
)
\inf@bad=\count140
LaTeX Info: Redefining \frac on input line 211.
\uproot@=\count141
\leftroot@=\count142
LaTeX Info: Redefining \overline on input line 307.
\classnum@=\count143
\DOTSCASE@=\count144
LaTeX Info: Redefining \ldots on input line 379.
LaTeX Info: Redefining \dots on input line 382.
LaTeX Info: Redefining \cdots on input line 467.
\Mathstrutbox@=\box51
\strutbox@=\box52
\big@size=\dimen173
LaTeX Font Info:    Redeclaring font encoding OML on input line 567.
LaTeX Font Info:    Redeclaring font encoding OMS on input line 568.
\macc@depth=\count145
\c@MaxMatrixCols=\count146
\dotsspace@=\muskip11
\c@parentequation=\count147
\dspbrk@lvl=\count148
\tag@help=\toks30
\row@=\count149
\column@=\count150
\maxfields@=\count151
\andhelp@=\toks31
\eqnshift@=\dimen174
\alignsep@=\dimen175
\tagshift@=\dimen176
\tagwidth@=\dimen177
\totwidth@=\dimen178
\lineht@=\dimen179
\@envbody=\toks32
\multlinegap=\skip52
\multlinetaggap=\skip53
\mathdisplay@stack=\toks33
LaTeX Info: Redefining \[ on input line 2666.
LaTeX Info: Redefining \] on input line 2667.
)
(/usr/local/texlive/2011/texmf-dist/tex/latex/amscls/amsthm.sty
Package: amsthm 2009/07/02 v2.20.1
\thm@style=\toks34
\thm@bodyfont=\toks35
\thm@headfont=\toks36
\thm@notefont=\toks37
\thm@headpunct=\toks38
\thm@preskip=\skip54
\thm@postskip=\skip55
\thm@headsep=\skip56
\dth@everypar=\toks39
)
\c@theorem=\count152
)
(/usr/local/texlive/2011/texmf-dist/tex/latex/beamer/beamerbasethemes.sty
Package: beamerbasethemes 2010/05/01  (rcs-revision efa082c6111d)
))
(/usr/local/texlive/2011/texmf-dist/tex/latex/beamer/themes/theme/beamerthemede
fault.sty
Package: beamerthemedefault 2010/06/17  (rcs-revision d02a7cf4d8ae)

(/usr/local/texlive/2011/texmf-dist/tex/latex/beamer/themes/font/beamerfontthem
edefault.sty
Package: beamerfontthemedefault 2010/06/17  (rcs-revision d02a7cf4d8ae)
)
(/usr/local/texlive/2011/texmf-dist/tex/latex/beamer/themes/color/beamercolorth
emedefault.sty
Package: beamercolorthemedefault 2010/06/17  (rcs-revision d02a7cf4d8ae)
)
(/usr/local/texlive/2011/texmf-dist/tex/latex/beamer/themes/inner/beamerinnerth
emedefault.sty
Package: beamerinnerthemedefault 2010/06/17  (rcs-revision d02a7cf4d8ae)
\beamer@dima=\dimen180
\beamer@dimb=\dimen181
)
(/usr/local/texlive/2011/texmf-dist/tex/latex/beamer/themes/outer/beamerouterth
emedefault.sty
Package: beamerouterthemedefault 2010/06/17  (rcs-revision d02a7cf4d8ae)
)))
(/usr/local/texlive/2011/texmf-dist/tex/latex/base/inputenc.sty
Package: inputenc 2008/03/30 v1.1d Input encoding file
\inpenc@prehook=\toks40
\inpenc@posthook=\toks41

(/usr/local/texlive/2011/texmf-dist/tex/latex/base/utf8.def
File: utf8.def 2008/04/05 v1.1m UTF-8 support for inputenc
Now handling font encoding OML ...
... no UTF-8 mapping file for font encoding OML
Now handling font encoding T1 ...
... processing UTF-8 mapping file for font encoding T1

(/usr/local/texlive/2011/texmf-dist/tex/latex/base/t1enc.dfu
File: t1enc.dfu 2008/04/05 v1.1m UTF-8 support for inputenc
   defining Unicode char U+00A1 (decimal 161)
   defining Unicode char U+00A3 (decimal 163)
   defining Unicode char U+00AB (decimal 171)
   defining Unicode char U+00BB (decimal 187)
   defining Unicode char U+00BF (decimal 191)
   defining Unicode char U+00C0 (decimal 192)
   defining Unicode char U+00C1 (decimal 193)
   defining Unicode char U+00C2 (decimal 194)
   defining Unicode char U+00C3 (decimal 195)
   defining Unicode char U+00C4 (decimal 196)
   defining Unicode char U+00C5 (decimal 197)
   defining Unicode char U+00C6 (decimal 198)
   defining Unicode char U+00C7 (decimal 199)
   defining Unicode char U+00C8 (decimal 200)
   defining Unicode char U+00C9 (decimal 201)
   defining Unicode char U+00CA (decimal 202)
   defining Unicode char U+00CB (decimal 203)
   defining Unicode char U+00CC (decimal 204)
   defining Unicode char U+00CD (decimal 205)
   defining Unicode char U+00CE (decimal 206)
   defining Unicode char U+00CF (decimal 207)
   defining Unicode char U+00D0 (decimal 208)
   defining Unicode char U+00D1 (decimal 209)
   defining Unicode char U+00D2 (decimal 210)
   defining Unicode char U+00D3 (decimal 211)
   defining Unicode char U+00D4 (decimal 212)
   defining Unicode char U+00D5 (decimal 213)
   defining Unicode char U+00D6 (decimal 214)
   defining Unicode char U+00D8 (decimal 216)
   defining Unicode char U+00D9 (decimal 217)
   defining Unicode char U+00DA (decimal 218)
   defining Unicode char U+00DB (decimal 219)
   defining Unicode char U+00DC (decimal 220)
   defining Unicode char U+00DD (decimal 221)
   defining Unicode char U+00DE (decimal 222)
   defining Unicode char U+00DF (decimal 223)
   defining Unicode char U+00E0 (decimal 224)
   defining Unicode char U+00E1 (decimal 225)
   defining Unicode char U+00E2 (decimal 226)
   defining Unicode char U+00E3 (decimal 227)
   defining Unicode char U+00E4 (decimal 228)
   defining Unicode char U+00E5 (decimal 229)
   defining Unicode char U+00E6 (decimal 230)
   defining Unicode char U+00E7 (decimal 231)
   defining Unicode char U+00E8 (decimal 232)
   defining Unicode char U+00E9 (decimal 233)
   defining Unicode char U+00EA (decimal 234)
   defining Unicode char U+00EB (decimal 235)
   defining Unicode char U+00EC (decimal 236)
   defining Unicode char U+00ED (decimal 237)
   defining Unicode char U+00EE (decimal 238)
   defining Unicode char U+00EF (decimal 239)
   defining Unicode char U+00F0 (decimal 240)
   defining Unicode char U+00F1 (decimal 241)
   defining Unicode char U+00F2 (decimal 242)
   defining Unicode char U+00F3 (decimal 243)
   defining Unicode char U+00F4 (decimal 244)
   defining Unicode char U+00F5 (decimal 245)
   defining Unicode char U+00F6 (decimal 246)
   defining Unicode char U+00F8 (decimal 248)
   defining Unicode char U+00F9 (decimal 249)
   defining Unicode char U+00FA (decimal 250)
   defining Unicode char U+00FB (decimal 251)
   defining Unicode char U+00FC (decimal 252)
   defining Unicode char U+00FD (decimal 253)
   defining Unicode char U+00FE (decimal 254)
   defining Unicode char U+00FF (decimal 255)
   defining Unicode char U+0102 (decimal 258)
   defining Unicode char U+0103 (decimal 259)
   defining Unicode char U+0104 (decimal 260)
   defining Unicode char U+0105 (decimal 261)
   defining Unicode char U+0106 (decimal 262)
   defining Unicode char U+0107 (decimal 263)
   defining Unicode char U+010C (decimal 268)
   defining Unicode char U+010D (decimal 269)
   defining Unicode char U+010E (decimal 270)
   defining Unicode char U+010F (decimal 271)
   defining Unicode char U+0110 (decimal 272)
   defining Unicode char U+0111 (decimal 273)
   defining Unicode char U+0118 (decimal 280)
   defining Unicode char U+0119 (decimal 281)
   defining Unicode char U+011A (decimal 282)
   defining Unicode char U+011B (decimal 283)
   defining Unicode char U+011E (decimal 286)
   defining Unicode char U+011F (decimal 287)
   defining Unicode char U+0130 (decimal 304)
   defining Unicode char U+0131 (decimal 305)
   defining Unicode char U+0132 (decimal 306)
   defining Unicode char U+0133 (decimal 307)
   defining Unicode char U+0139 (decimal 313)
   defining Unicode char U+013A (decimal 314)
   defining Unicode char U+013D (decimal 317)
   defining Unicode char U+013E (decimal 318)
   defining Unicode char U+0141 (decimal 321)
   defining Unicode char U+0142 (decimal 322)
   defining Unicode char U+0143 (decimal 323)
   defining Unicode char U+0144 (decimal 324)
   defining Unicode char U+0147 (decimal 327)
   defining Unicode char U+0148 (decimal 328)
   defining Unicode char U+014A (decimal 330)
   defining Unicode char U+014B (decimal 331)
   defining Unicode char U+0150 (decimal 336)
   defining Unicode char U+0151 (decimal 337)
   defining Unicode char U+0152 (decimal 338)
   defining Unicode char U+0153 (decimal 339)
   defining Unicode char U+0154 (decimal 340)
   defining Unicode char U+0155 (decimal 341)
   defining Unicode char U+0158 (decimal 344)
   defining Unicode char U+0159 (decimal 345)
   defining Unicode char U+015A (decimal 346)
   defining Unicode char U+015B (decimal 347)
   defining Unicode char U+015E (decimal 350)
   defining Unicode char U+015F (decimal 351)
   defining Unicode char U+0160 (decimal 352)
   defining Unicode char U+0161 (decimal 353)
   defining Unicode char U+0162 (decimal 354)
   defining Unicode char U+0163 (decimal 355)
   defining Unicode char U+0164 (decimal 356)
   defining Unicode char U+0165 (decimal 357)
   defining Unicode char U+016E (decimal 366)
   defining Unicode char U+016F (decimal 367)
   defining Unicode char U+0170 (decimal 368)
   defining Unicode char U+0171 (decimal 369)
   defining Unicode char U+0178 (decimal 376)
   defining Unicode char U+0179 (decimal 377)
   defining Unicode char U+017A (decimal 378)
   defining Unicode char U+017B (decimal 379)
   defining Unicode char U+017C (decimal 380)
   defining Unicode char U+017D (decimal 381)
   defining Unicode char U+017E (decimal 382)
   defining Unicode char U+200C (decimal 8204)
   defining Unicode char U+2013 (decimal 8211)
   defining Unicode char U+2014 (decimal 8212)
   defining Unicode char U+2018 (decimal 8216)
   defining Unicode char U+2019 (decimal 8217)
   defining Unicode char U+201A (decimal 8218)
   defining Unicode char U+201C (decimal 8220)
   defining Unicode char U+201D (decimal 8221)
   defining Unicode char U+201E (decimal 8222)
   defining Unicode char U+2030 (decimal 8240)
   defining Unicode char U+2031 (decimal 8241)
   defining Unicode char U+2039 (decimal 8249)
   defining Unicode char U+203A (decimal 8250)
   defining Unicode char U+2423 (decimal 9251)
)
Now handling font encoding OT1 ...
... processing UTF-8 mapping file for font encoding OT1

(/usr/local/texlive/2011/texmf-dist/tex/latex/base/ot1enc.dfu
File: ot1enc.dfu 2008/04/05 v1.1m UTF-8 support for inputenc
   defining Unicode char U+00A1 (decimal 161)
   defining Unicode char U+00A3 (decimal 163)
   defining Unicode char U+00B8 (decimal 184)
   defining Unicode char U+00BF (decimal 191)
   defining Unicode char U+00C5 (decimal 197)
   defining Unicode char U+00C6 (decimal 198)
   defining Unicode char U+00D8 (decimal 216)
   defining Unicode char U+00DF (decimal 223)
   defining Unicode char U+00E6 (decimal 230)
   defining Unicode char U+00EC (decimal 236)
   defining Unicode char U+00ED (decimal 237)
   defining Unicode char U+00EE (decimal 238)
   defining Unicode char U+00EF (decimal 239)
   defining Unicode char U+00F8 (decimal 248)
   defining Unicode char U+0131 (decimal 305)
   defining Unicode char U+0141 (decimal 321)
   defining Unicode char U+0142 (decimal 322)
   defining Unicode char U+0152 (decimal 338)
   defining Unicode char U+0153 (decimal 339)
   defining Unicode char U+2013 (decimal 8211)
   defining Unicode char U+2014 (decimal 8212)
   defining Unicode char U+2018 (decimal 8216)
   defining Unicode char U+2019 (decimal 8217)
   defining Unicode char U+201C (decimal 8220)
   defining Unicode char U+201D (decimal 8221)
)
Now handling font encoding OMS ...
... processing UTF-8 mapping file for font encoding OMS

(/usr/local/texlive/2011/texmf-dist/tex/latex/base/omsenc.dfu
File: omsenc.dfu 2008/04/05 v1.1m UTF-8 support for inputenc
   defining Unicode char U+00A7 (decimal 167)
   defining Unicode char U+00B6 (decimal 182)
   defining Unicode char U+00B7 (decimal 183)
   defining Unicode char U+2020 (decimal 8224)
   defining Unicode char U+2021 (decimal 8225)
   defining Unicode char U+2022 (decimal 8226)
)
Now handling font encoding OMX ...
... no UTF-8 mapping file for font encoding OMX
Now handling font encoding U ...
... no UTF-8 mapping file for font encoding U
Now handling font encoding PD1 ...
... no UTF-8 mapping file for font encoding PD1
   defining Unicode char U+00A9 (decimal 169)
   defining Unicode char U+00AA (decimal 170)
   defining Unicode char U+00AE (decimal 174)
   defining Unicode char U+00BA (decimal 186)
   defining Unicode char U+02C6 (decimal 710)
   defining Unicode char U+02DC (decimal 732)
   defining Unicode char U+200C (decimal 8204)
   defining Unicode char U+2026 (decimal 8230)
   defining Unicode char U+2122 (decimal 8482)
   defining Unicode char U+2423 (decimal 9251)
))
(/usr/local/texlive/2011/texmf-dist/tex/latex/tools/multicol.sty
Package: multicol 2008/12/05 v1.6h multicolumn formatting (FMi)
\c@tracingmulticols=\count153
\mult@box=\box53
\multicol@leftmargin=\dimen182
\c@unbalance=\count154
\c@collectmore=\count155
\doublecol@number=\count156
\multicoltolerance=\count157
\multicolpretolerance=\count158
\full@width=\dimen183
\page@free=\dimen184
\premulticols=\dimen185
\postmulticols=\dimen186
\multicolsep=\skip57
\multicolbaselineskip=\skip58
\partial@page=\box54
\last@line=\box55
\mult@rightbox=\box56
\mult@grightbox=\box57
\mult@gfirstbox=\box58
\mult@firstbox=\box59
\@tempa=\box60
\@tempa=\box61
\@tempa=\box62
\@tempa=\box63
\@tempa=\box64
\@tempa=\box65
\@tempa=\box66
\@tempa=\box67
\@tempa=\box68
\@tempa=\box69
\@tempa=\box70
\@tempa=\box71
\@tempa=\box72
\@tempa=\box73
\@tempa=\box74
\@tempa=\box75
\@tempa=\box76
\c@columnbadness=\count159
\c@finalcolumnbadness=\count160
\last@try=\dimen187
\multicolovershoot=\dimen188
\multicolundershoot=\dimen189
\mult@nat@firstbox=\box77
\colbreak@box=\box78
)
(/usr/local/texlive/2011/texmf-dist/tex/latex/framed/framed.sty
Package: framed 2007/10/04 v 0.95: framed or shaded text with page breaks
\fb@frw=\dimen190
\fb@frh=\dimen191
\FrameRule=\dimen192
\FrameSep=\dimen193
)
(/usr/local/texlive/2011/texmf-dist/tex/latex/caption/caption.sty
Package: caption 2010/01/09 v3.1m Customizing captions (AR)

(/usr/local/texlive/2011/texmf-dist/tex/latex/caption/caption3.sty
Package: caption3 2010/01/14 v3.1m caption3 kernel (AR)
\captionmargin=\dimen194
\captionmargin@=\dimen195
\captionwidth=\dimen196
\caption@indent=\dimen197
\caption@parindent=\dimen198
\caption@hangindent=\dimen199
)
\c@ContinuedFloat=\count161
Package caption Info: beamer document class.
Package caption Info: hyperref package is loaded.


Package caption Warning: Hyperref support is turned off
(caption)                because hyperref has stopped early.
See the caption package documentation for explanation.

) (/usr/local/texlive/2011/texmf-dist/tex/latex/caption/subcaption.sty
Package: subcaption 2008/08/31 v1.0b Adding subcaptions (AR)
\c@subfigure=\count162
\c@subtable=\count163
)
(./Class1.aux

LaTeX Warning: Label `emailCharactersDotPlotStacked' multiply defined.


LaTeX Warning: Label `emailCharactersDotPlot' multiply defined.


LaTeX Warning: Label `emailSpamNumberSegBarSta' multiply defined.

)
\openout1 = `Class1.aux'.

LaTeX Font Info:    Checking defaults for OML/cmm/m/it on input line 12.
LaTeX Font Info:    ... okay on input line 12.
LaTeX Font Info:    Checking defaults for T1/cmr/m/n on input line 12.
LaTeX Font Info:    ... okay on input line 12.
LaTeX Font Info:    Checking defaults for OT1/cmr/m/n on input line 12.
LaTeX Font Info:    ... okay on input line 12.
LaTeX Font Info:    Checking defaults for OMS/cmsy/m/n on input line 12.
LaTeX Font Info:    ... okay on input line 12.
LaTeX Font Info:    Checking defaults for OMX/cmex/m/n on input line 12.
LaTeX Font Info:    ... okay on input line 12.
LaTeX Font Info:    Checking defaults for U/cmr/m/n on input line 12.
LaTeX Font Info:    ... okay on input line 12.
LaTeX Font Info:    Checking defaults for PD1/pdf/m/n on input line 12.
LaTeX Font Info:    ... okay on input line 12.

*geometry* driver: auto-detecting
*geometry* detected driver: pdftex
*geometry* verbose mode - [ preamble ] result:
* driver: pdftex
* paper: custom
* layout: <same size as paper>
* layoutoffset:(h,v)=(0.0pt,0.0pt)
* modes: includehead includefoot 
* h-part:(L,W,R)=(28.45274pt, 307.28987pt, 28.45274pt)
* v-part:(T,H,B)=(0.0pt, 273.14662pt, 0.0pt)
* \paperwidth=364.19536pt
* \paperheight=273.14662pt
* \textwidth=307.28987pt
* \textheight=244.6939pt
* \oddsidemargin=-43.81725pt
* \evensidemargin=-43.81725pt
* \topmargin=-72.26999pt
* \headheight=14.22636pt
* \headsep=0.0pt
* \topskip=12.0pt
* \footskip=14.22636pt
* \marginparwidth=4.0pt
* \marginparsep=10.0pt
* \columnsep=10.0pt
* \skip\footins=10.8pt plus 4.0pt minus 2.0pt
* \hoffset=0.0pt
* \voffset=0.0pt
* \mag=1000
* \@twocolumnfalse
* \@twosidefalse
* \@mparswitchfalse
* \@reversemarginfalse
* (1in=72.27pt=25.4mm, 1cm=28.453pt)

(/usr/local/texlive/2011/texmf-dist/tex/context/base/supp-pdf.mkii
[Loading MPS to PDF converter (version 2006.09.02).]
\scratchcounter=\count164
\scratchdimen=\dimen200
\scratchbox=\box79
\nofMPsegments=\count165
\nofMParguments=\count166
\everyMPshowfont=\toks42
\MPscratchCnt=\count167
\MPscratchDim=\dimen201
\MPnumerator=\count168
\makeMPintoPDFobject=\count169
\everyMPtoPDFconversion=\toks43
) (/usr/local/texlive/2011/texmf-dist/tex/latex/oberdiek/epstopdf-base.sty
Package: epstopdf-base 2010/02/09 v2.5 Base part for package epstopdf

(/usr/local/texlive/2011/texmf-dist/tex/latex/oberdiek/grfext.sty
Package: grfext 2010/08/19 v1.1 Managing graphics extensions (HO)
)
Package grfext Info: Graphics extension search list:
(grfext)             [.png,.pdf,.jpg,.mps,.jpeg,.jbig2,.jb2,.PNG,.PDF,.JPG,.JPE
G,.JBIG2,.JB2,.eps]
(grfext)             \AppendGraphicsExtensions on input line 452.

(/usr/local/texlive/2011/texmf-dist/tex/latex/latexconfig/epstopdf-sys.cfg
File: epstopdf-sys.cfg 2010/07/13 v1.3 Configuration of (r)epstopdf for TeX Liv
e
))
ABD: EveryShipout initializing macros
\AtBeginShipoutBox=\box80
Package hyperref Info: Link coloring OFF on input line 12.

(/usr/local/texlive/2011/texmf-dist/tex/latex/hyperref/nameref.sty
Package: nameref 2010/04/30 v2.40 Cross-referencing by name of section

(/usr/local/texlive/2011/texmf-dist/tex/generic/oberdiek/gettitlestring.sty
Package: gettitlestring 2010/12/03 v1.4 Cleanup title references (HO)
)
\c@section@level=\count170
)
LaTeX Info: Redefining \ref on input line 12.
LaTeX Info: Redefining \pageref on input line 12.
LaTeX Info: Redefining \nameref on input line 12.

(./Class1.out) (./Class1.out)
\@outlinefile=\write5
\openout5 = `Class1.out'.

LaTeX Font Info:    Overwriting symbol font `operators' in version `normal'
(Font)                  OT1/cmr/m/n --> OT1/cmss/m/n on input line 12.
LaTeX Font Info:    Overwriting symbol font `operators' in version `bold'
(Font)                  OT1/cmr/bx/n --> OT1/cmss/bx/n on input line 12.
\symnumbers=\mathgroup6
\sympureletters=\mathgroup7
LaTeX Font Info:    Overwriting math alphabet `\mathrm' in version `normal'
(Font)                  OT1/cmss/m/n --> OT1/cmr/m/n on input line 12.
LaTeX Font Info:    Redeclaring math alphabet \mathbf on input line 12.
LaTeX Font Info:    Overwriting math alphabet `\mathbf' in version `normal'
(Font)                  OT1/cmr/bx/n --> OT1/cmss/bx/n on input line 12.
LaTeX Font Info:    Overwriting math alphabet `\mathbf' in version `bold'
(Font)                  OT1/cmr/bx/n --> OT1/cmss/bx/n on input line 12.
LaTeX Font Info:    Redeclaring math alphabet \mathsf on input line 12.
LaTeX Font Info:    Overwriting math alphabet `\mathsf' in version `normal'
(Font)                  OT1/cmss/m/n --> OT1/cmss/m/n on input line 12.
LaTeX Font Info:    Overwriting math alphabet `\mathsf' in version `bold'
(Font)                  OT1/cmss/bx/n --> OT1/cmss/m/n on input line 12.
LaTeX Font Info:    Redeclaring math alphabet \mathit on input line 12.
LaTeX Font Info:    Overwriting math alphabet `\mathit' in version `normal'
(Font)                  OT1/cmr/m/it --> OT1/cmss/m/it on input line 12.
LaTeX Font Info:    Overwriting math alphabet `\mathit' in version `bold'
(Font)                  OT1/cmr/bx/it --> OT1/cmss/m/it on input line 12.
LaTeX Font Info:    Redeclaring math alphabet \mathtt on input line 12.
LaTeX Font Info:    Overwriting math alphabet `\mathtt' in version `normal'
(Font)                  OT1/cmtt/m/n --> OT1/cmtt/m/n on input line 12.
LaTeX Font Info:    Overwriting math alphabet `\mathtt' in version `bold'
(Font)                  OT1/cmtt/m/n --> OT1/cmtt/m/n on input line 12.
LaTeX Font Info:    Overwriting symbol font `numbers' in version `bold'
(Font)                  OT1/cmss/m/n --> OT1/cmss/bx/n on input line 12.
LaTeX Font Info:    Overwriting symbol font `pureletters' in version `bold'
(Font)                  OT1/cmss/m/it --> OT1/cmss/bx/it on input line 12.
LaTeX Font Info:    Overwriting math alphabet `\mathrm' in version `bold'
(Font)                  OT1/cmss/bx/n --> OT1/cmr/bx/n on input line 12.
LaTeX Font Info:    Overwriting math alphabet `\mathbf' in version `bold'
(Font)                  OT1/cmss/bx/n --> OT1/cmss/bx/n on input line 12.
LaTeX Font Info:    Overwriting math alphabet `\mathsf' in version `bold'
(Font)                  OT1/cmss/m/n --> OT1/cmss/bx/n on input line 12.
LaTeX Font Info:    Overwriting math alphabet `\mathit' in version `bold'
(Font)                  OT1/cmss/m/it --> OT1/cmss/bx/it on input line 12.
LaTeX Font Info:    Overwriting math alphabet `\mathtt' in version `bold'
(Font)                  OT1/cmtt/m/n --> OT1/cmtt/bx/n on input line 12.

(/usr/local/texlive/2011/texmf-dist/tex/latex/beamer/translator/dicts/translato
r-basic-dictionary/translator-basic-dictionary-English.dict
Dictionary: translator-basic-dictionary, Language: English 
)
(/usr/local/texlive/2011/texmf-dist/tex/latex/beamer/translator/dicts/translato
r-bibliography-dictionary/translator-bibliography-dictionary-English.dict
Dictionary: translator-bibliography-dictionary, Language: English 
)
(/usr/local/texlive/2011/texmf-dist/tex/latex/beamer/translator/dicts/translato
r-environment-dictionary/translator-environment-dictionary-English.dict
Dictionary: translator-environment-dictionary, Language: English 
)
(/usr/local/texlive/2011/texmf-dist/tex/latex/beamer/translator/dicts/translato
r-months-dictionary/translator-months-dictionary-English.dict
Dictionary: translator-months-dictionary, Language: English 
)
(/usr/local/texlive/2011/texmf-dist/tex/latex/beamer/translator/dicts/translato
r-numbers-dictionary/translator-numbers-dictionary-English.dict
Dictionary: translator-numbers-dictionary, Language: English 
)
(/usr/local/texlive/2011/texmf-dist/tex/latex/beamer/translator/dicts/translato
r-theorem-dictionary/translator-theorem-dictionary-English.dict
Dictionary: translator-theorem-dictionary, Language: English 
)
Package caption Info: Begin \AtBeginDocument code.
Package caption Info: End \AtBeginDocument code.
 (./Class1.nav)
LaTeX Font Info:    Try loading font information for U+msa on input line 16.
(/usr/local/texlive/2011/texmf-dist/tex/latex/amsfonts/umsa.fd
File: umsa.fd 2009/06/22 v3.00 AMS symbols A
)
LaTeX Font Info:    Try loading font information for U+msb on input line 16.

(/usr/local/texlive/2011/texmf-dist/tex/latex/amsfonts/umsb.fd
File: umsb.fd 2009/06/22 v3.00 AMS symbols B
)

LaTeX Font Warning: Font shape `OT1/cmss/m/n' in size <4> not available
(Font)              size <5> substituted on input line 16.

[1

{/usr/local/texlive/2011/texmf-var/fonts/map/pdftex/updmap/pdftex.map}]
[2

] [3

] [4

] [5

] [6

] [7

] [8

] [9

] [10

] [11

]
<variables.pdf, id=300, 303.1325pt x 108.405pt>
File: variables.pdf Graphic file (type pdf)
 <use variables.pdf>
Package pdftex.def Info: variables.pdf used on input line 162.
(pdftex.def)             Requested size: 307.28987pt x 109.89343pt.
 [12

 <./variables.pdf>] [13

] <email50LinesCharacters.pdf, id=359, 433.62pt x 237.88875pt>
File: email50LinesCharacters.pdf Graphic file (type pdf)

<use email50LinesCharacters.pdf>
Package pdftex.def Info: email50LinesCharacters.pdf used on input line 184.
(pdftex.def)             Requested size: 230.46739pt x 126.43616pt.
 [14

 <./email50LinesCharacters.pdf>]
<figures/multiunitsVsOwnership/multiunitsVsOwnership.pdf, id=396, 433.62pt x 25
2.945pt>
File: figures/multiunitsVsOwnership/multiunitsVsOwnership.pdf Graphic file (typ
e pdf)
 <use figures/multiunitsVsOwnership/multiunitsVsOwnership.pdf>
Package pdftex.def Info: figures/multiunitsVsOwnership/multiunitsVsOwnership.pd
f used on input line 196.
(pdftex.def)             Requested size: 153.64493pt x 89.62434pt.

<figures/county_fed_spendVsPoverty/county_fed_spendVsPoverty.pdf, id=397, 433.6
2pt x 252.945pt>
File: figures/county_fed_spendVsPoverty/county_fed_spendVsPoverty.pdf Graphic f
ile (type pdf)

<use figures/county_fed_spendVsPoverty/county_fed_spendVsPoverty.pdf>
Package pdftex.def Info: figures/county_fed_spendVsPoverty/county_fed_spendVsPo
verty.pdf used on input line 196.
(pdftex.def)             Requested size: 153.64493pt x 89.62434pt.

Overfull \vbox (13.49771pt too high) detected at line 196
 []

[15

 <./figures/multiunitsVsOwnership/multiunitsVsOwnership.pdf> <./figures/county_
fed_spendVsPoverty/county_fed_spendVsPoverty.pdf>]
File: email50LinesCharacters.pdf Graphic file (type pdf)

<use email50LinesCharacters.pdf>
Package pdftex.def Info: email50LinesCharacters.pdf used on input line 209.
(pdftex.def)             Requested size: 153.64493pt x 84.28955pt.

<figures/carsPriceVsWeight/carsPriceVsWeight.pdf, id=443, 361.35pt x 237.88875p
t>
File: figures/carsPriceVsWeight/carsPriceVsWeight.pdf Graphic file (type pdf)
 <use figures/carsPriceVsWeight/carsPriceVsWeight.pdf>
Package pdftex.def Info: figures/carsPriceVsWeight/carsPriceVsWeight.pdf used o
n input line 209.
(pdftex.def)             Requested size: 153.64493pt x 101.15038pt.

Overfull \vbox (9.68895pt too high) detected at line 209
 []

[16

 <./figures/carsPriceVsWeight/carsPriceVsWeight.pdf>]
<figures/emailCharactersDotPlot/emailCharactersDotPlot.pdf, id=480, 542.025pt x
 90.3375pt>
File: figures/emailCharactersDotPlot/emailCharactersDotPlot.pdf Graphic file (t
ype pdf)
 <use figures/emailCharactersDotPlot/emailCharactersDotPlot.pdf>
Package pdftex.def Info: figures/emailCharactersDotPlot/emailCharactersDotPlot.
pdf used on input line 225.
(pdftex.def)             Requested size: 307.28987pt x 51.21584pt.

<figures/emailCharactersDotPlot/emailCharactersDotPlotStacked.pdf, id=481, 361.
35pt x 194.7275pt>
File: figures/emailCharactersDotPlot/emailCharactersDotPlotStacked.pdf Graphic 
file (type pdf)

<use figures/emailCharactersDotPlot/emailCharactersDotPlotStacked.pdf>
Package pdftex.def Info: figures/emailCharactersDotPlot/emailCharactersDotPlotS
tacked.pdf used on input line 225.
(pdftex.def)             Requested size: 215.10196pt x 115.91628pt.
 [17

 <./figures/emailCharactersDotPlot/emailCharactersDotPlot.pdf> <./figures/email
CharactersDotPlot/emailCharactersDotPlotStacked.pdf>]
File: figures/emailCharactersDotPlot/emailCharactersDotPlot.pdf Graphic file (t
ype pdf)

<use figures/emailCharactersDotPlot/emailCharactersDotPlot.pdf>
Package pdftex.def Info: figures/emailCharactersDotPlot/emailCharactersDotPlot.
pdf used on input line 238.
(pdftex.def)             Requested size: 307.28987pt x 51.21584pt.
pdfTeX warning (ext4): destination with the same identifier (name{emailCharacte
rsDotPlotStacked}) has been already used, duplicate ignored
<to be read again> 
                   \relax 
l.238 \end{frame}
                  [18

] [19

]
Overfull \hbox (6.3415pt too wide) in paragraph at lines 270--270
[][]  
 []


<figures/email50NumCharHist/email50NumCharHist.pdf, id=581, 436.63126pt x 237.8
8875pt>
File: figures/email50NumCharHist/email50NumCharHist.pdf Graphic file (type pdf)

 <use figures/email50NumCharHist/email50NumCharHist.pdf>
Package pdftex.def Info: figures/email50NumCharHist/email50NumCharHist.pdf used
 on input line 270.
(pdftex.def)             Requested size: 221.24907pt x 120.54121pt.
 [20

 <./figures/email50NumCharHist/email50NumCharHist.pdf>]
<figures/Skewed.png, id=612, 636.3775pt x 377.41pt>
File: figures/Skewed.png Graphic file (type png)
 <use figures/Skewed.png>
Package pdftex.def Info: figures/Skewed.png used on input line 281.
(pdftex.def)             Requested size: 245.83282pt x 145.78992pt.

Overfull \vbox (4.17229pt too high) detected at line 281
 []

[21

 <./figures/Skewed.png>]
<figures/singleBiMultiModalPlots/singleBiMultiModalPlots.pdf, id=640, 418.56375
pt x 144.54pt>
File: figures/singleBiMultiModalPlots/singleBiMultiModalPlots.pdf Graphic file 
(type pdf)

<use figures/singleBiMultiModalPlots/singleBiMultiModalPlots.pdf>
Package pdftex.def Info: figures/singleBiMultiModalPlots/singleBiMultiModalPlot
s.pdf used on input line 295.
(pdftex.def)             Requested size: 307.28987pt x 106.1132pt.
 [22

 <./figures/singleBiMultiModalPlots/singleBiMultiModalPlots.pdf>]
File: figures/emailCharactersDotPlot/emailCharactersDotPlot.pdf Graphic file (t
ype pdf)

<use figures/emailCharactersDotPlot/emailCharactersDotPlot.pdf>
Package pdftex.def Info: figures/emailCharactersDotPlot/emailCharactersDotPlot.
pdf used on input line 303.
(pdftex.def)             Requested size: 307.28987pt x 51.21584pt.
pdfTeX warning (ext4): destination with the same identifier (name{emailCharacte
rsDotPlot}) has been already used, duplicate ignored
<to be read again> 
                   \relax 
l.303 \end{frame}
                  [23

] [24

]
<figures/sdAsRuleForEmailNumChar/sdAsRuleForEmailNumChar.pdf, id=724, 433.62pt 
x 108.405pt>
File: figures/sdAsRuleForEmailNumChar/sdAsRuleForEmailNumChar.pdf Graphic file 
(type pdf)
 <use figures/sdAsRuleForEmailNumChar/sdAsRuleForEmailNumChar.pdf>
Package pdftex.def Info: figures/sdAsRuleForEmailNumChar/sdAsRuleForEmailNumCha
r.pdf used on input line 330.
(pdftex.def)             Requested size: 307.28987pt x 76.82582pt.

[25

 <./figures/sdAsRuleForEmailNumChar/sdAsRuleForEmailNumChar.pdf>]
<figures/severalDiffDistWithSdOf1/severalDiffDistWithSdOf1.pdf, id=774, 397.485
pt x 310.15875pt>
File: figures/severalDiffDistWithSdOf1/severalDiffDistWithSdOf1.pdf Graphic fil
e (type pdf)

<use figures/severalDiffDistWithSdOf1/severalDiffDistWithSdOf1.pdf>
Package pdftex.def Info: figures/severalDiffDistWithSdOf1/severalDiffDistWithSd
Of1.pdf used on input line 339.
(pdftex.def)             Requested size: 193.59412pt x 151.06572pt.
 [26

 <./figures/severalDiffDistWithSdOf1/severalDiffDistWithSdOf1.pdf>]
<figures/boxPlotLayoutNumVar/boxPlotLayoutNumVar.pdf, id=815, 397.485pt x 289.0
8pt>
File: figures/boxPlotLayoutNumVar/boxPlotLayoutNumVar.pdf Graphic file (type pd
f)
 <use figures/boxPlotLayoutNumVar/boxPlotLayoutNumVar.pdf>
Package pdftex.def Info: figures/boxPlotLayoutNumVar/boxPlotLayoutNumVar.pdf us
ed on input line 347.
(pdftex.def)             Requested size: 215.10196pt x 156.4405pt.
 [27

 <./figures/boxPlotLayoutNumVar/boxPlotLayoutNumVar.pdf>]
Overfull \vbox (12.09695pt too high) detected at line 361
 []

[28

] [29

]
<figures/email50NumCharDotPlotRobustEx/email50NumCharDotPlotRobustEx.pdf, id=90
5, 507.8975pt x 102.3825pt>
File: figures/email50NumCharDotPlotRobustEx/email50NumCharDotPlotRobustEx.pdf G
raphic file (type pdf)

<use figures/email50NumCharDotPlotRobustEx/email50NumCharDotPlotRobustEx.pdf>
Package pdftex.def Info: figures/email50NumCharDotPlotRobustEx/email50NumCharDo
tPlotRobustEx.pdf used on input line 399.
(pdftex.def)             Requested size: 307.28987pt x 61.9455pt.

[30

 <./figures/email50NumCharDotPlotRobustEx/email50NumCharDotPlotRobustEx.pdf>]
<figures/email50LinesCharactersMod/email50LinesCharactersMod.pdf, id=941, 325.2
15pt x 237.88875pt>
File: figures/email50LinesCharactersMod/email50LinesCharactersMod.pdf Graphic f
ile (type pdf)

<use figures/email50LinesCharactersMod/email50LinesCharactersMod.pdf>
Package pdftex.def Info: figures/email50LinesCharactersMod/email50LinesCharacte
rsMod.pdf used on input line 411.
(pdftex.def)             Requested size: 135.20828pt x 98.90347pt.

<figures/email50LinesCharactersMod/email50LinesCharactersModLog.pdf, id=942, 32
5.215pt x 237.88875pt>
File: figures/email50LinesCharactersMod/email50LinesCharactersModLog.pdf Graphi
c file (type pdf)

<use figures/email50LinesCharactersMod/email50LinesCharactersModLog.pdf>
Package pdftex.def Info: figures/email50LinesCharactersMod/email50LinesCharacte
rsModLog.pdf used on input line 411.
(pdftex.def)             Requested size: 135.20828pt x 98.90347pt.

[31

 <./figures/email50LinesCharactersMod/email50LinesCharactersMod.pdf> <./figures
/email50LinesCharactersMod/email50LinesCharactersModLog.pdf>] [32

]
<figures/emailNumberBarPlot/emailNumberBarPlot.pdf, id=1016, 469.755pt x 201.75
375pt>
File: figures/emailNumberBarPlot/emailNumberBarPlot.pdf Graphic file (type pdf)

 <use figures/emailNumberBarPlot/emailNumberBarPlot.pdf>
Package pdftex.def Info: figures/emailNumberBarPlot/emailNumberBarPlot.pdf used
 on input line 448.
(pdftex.def)             Requested size: 336.54607pt x 144.54pt.

Overfull \hbox (29.2562pt too wide) in paragraph at lines 448--448
 [] 
 []

[33

 <./figures/emailNumberBarPlot/emailNumberBarPlot.pdf>] [34

]
<figures/emailSpamNumberSegBar/emailSpamNumberSegBar.pdf, id=1074, 325.215pt x 
252.945pt>
File: figures/emailSpamNumberSegBar/emailSpamNumberSegBar.pdf Graphic file (typ
e pdf)
 <use figures/emailSpamNumberSegBar/emailSpamNumberSegBar.pdf>
Package pdftex.def Info: figures/emailSpamNumberSegBar/emailSpamNumberSegBar.pd
f used on input line 507.
(pdftex.def)             Requested size: 153.64493pt x 119.50555pt.

<figures/emailSpamNumberSegBar/emailSpamNumberSegBarSta.pdf, id=1075, 325.215pt
 x 252.945pt>
File: figures/emailSpamNumberSegBar/emailSpamNumberSegBarSta.pdf Graphic file (
type pdf)
 <use figures/emailSpamNumberSegBar/emailSpamNumberSegBarSta.pdf>
Package pdftex.def Info: figures/emailSpamNumberSegBar/emailSpamNumberSegBarSta
.pdf used on input line 507.
(pdftex.def)             Requested size: 153.64493pt x 119.50555pt.

[35

 <./figures/emailSpamNumberSegBar/emailSpamNumberSegBar.pdf> <./figures/emailSp
amNumberSegBar/emailSpamNumberSegBarSta.pdf>] [36

] [37

]
<figures/emailSpamNumberMosaicPlot/emailNumberMosaic.pdf, id=1164, 189.70876pt 
x 162.6075pt>
File: figures/emailSpamNumberMosaicPlot/emailNumberMosaic.pdf Graphic file (typ
e pdf)
 <use figures/emailSpamNumberMosaicPlot/emailNumberMosaic.pdf>
Package pdftex.def Info: figures/emailSpamNumberMosaicPlot/emailNumberMosaic.pd
f used on input line 553.
(pdftex.def)             Requested size: 153.64493pt x 131.69894pt.

<figures/emailSpamNumberMosaicPlot/emailSpamNumberMosaic.pdf, id=1165, 216.81pt
 x 162.6075pt>
File: figures/emailSpamNumberMosaicPlot/emailSpamNumberMosaic.pdf Graphic file 
(type pdf)

<use figures/emailSpamNumberMosaicPlot/emailSpamNumberMosaic.pdf>
Package pdftex.def Info: figures/emailSpamNumberMosaicPlot/emailSpamNumberMosai
c.pdf used on input line 553.
(pdftex.def)             Requested size: 153.64493pt x 115.23874pt.
pdfTeX warning (ext4): destination with the same identifier (name{emailSpamNumb
erSegBarSta}) has been already used, duplicate ignored
<to be read again> 
                   \relax 
l.553 \end{frame}
                  [38

 <./figures/emailSpamNumberMosaicPlot/emailNumberMosaic.pdf> <./figures/emailSp
amNumberMosaicPlot/emailSpamNumberMosaic.pdf>]
<figures/countyIncomeSplitByPopGain/countyIncomeSplitByPopGain.pdf, id=1201, 54
2.025pt x 289.08pt>
File: figures/countyIncomeSplitByPopGain/countyIncomeSplitByPopGain.pdf Graphic
 file (type pdf)

<use figures/countyIncomeSplitByPopGain/countyIncomeSplitByPopGain.pdf>
Package pdftex.def Info: figures/countyIncomeSplitByPopGain/countyIncomeSplitBy
PopGain.pdf used on input line 562.
(pdftex.def)             Requested size: 307.28987pt x 163.89069pt.

[39

 <./figures/countyIncomeSplitByPopGain/countyIncomeSplitByPopGain.pdf>]
[40

] <figures/simpleNormal/simpleNormal.pdf, id=1262, 289.08pt x 118.4425pt>
File: figures/simpleNormal/simpleNormal.pdf Graphic file (type pdf)

<use figures/simpleNormal/simpleNormal.pdf>
Package pdftex.def Info: figures/simpleNormal/simpleNormal.pdf used on input li
ne 594.
(pdftex.def)             Requested size: 153.64493pt x 62.95132pt.

Overfull \hbox (155.92332pt too wide) in paragraph at lines 594--594
 []$$[]$ 
 []

[41

 <./figures/simpleNormal/simpleNormal.pdf>]
<figures/twoSampleNormalsStacked/twoSampleNormalsStacked.pdf, id=1295, 335.2525
pt x 161.60374pt>
File: figures/twoSampleNormalsStacked/twoSampleNormalsStacked.pdf Graphic file 
(type pdf)

<use figures/twoSampleNormalsStacked/twoSampleNormalsStacked.pdf>
Package pdftex.def Info: figures/twoSampleNormalsStacked/twoSampleNormalsStacke
d.pdf used on input line 603.
(pdftex.def)             Requested size: 190.51822pt x 91.83644pt.
 [42

 <./figures/twoSampleNormalsStacked/twoSampleNormalsStacked.pdf>]
<figures/satActNormals/satActNormals.pdf, id=1326, 289.08pt x 289.08pt>
File: figures/satActNormals/satActNormals.pdf Graphic file (type pdf)

<use figures/satActNormals/satActNormals.pdf>
Package pdftex.def Info: figures/satActNormals/satActNormals.pdf used on input 
line 619.
(pdftex.def)             Requested size: 172.08221pt x 172.08192pt.
 [43

 <./figures/satActNormals/satActNormals.pdf>] [44

]
File: figures/satActNormals/satActNormals.pdf Graphic file (type pdf)
 <use figures/satActNormals/satActNormals.pdf>
Package pdftex.def Info: figures/satActNormals/satActNormals.pdf used on input 
line 648.
(pdftex.def)             Requested size: 122.9164pt x 122.9125pt.

Overfull \hbox (61.45702pt too wide) in paragraph at lines 648--648
 []$$[]$ 
 []

[45

] <figures/satBelow1800/satBelow1800.pdf, id=1409, 180.675pt x 93.34875pt>
File: figures/satBelow1800/satBelow1800.pdf Graphic file (type pdf)

<use figures/satBelow1800/satBelow1800.pdf>
Package pdftex.def Info: figures/satBelow1800/satBelow1800.pdf used on input li
ne 660.
(pdftex.def)             Requested size: 209.82573pt x 108.405pt.
 [46

 <./figures/satBelow1800/satBelow1800.pdf>] [47

] <figures/6895997/6895997.pdf, id=1466, 361.35pt x 180.675pt>
File: figures/6895997/6895997.pdf Graphic file (type pdf)

<use figures/6895997/6895997.pdf>
Package pdftex.def Info: figures/6895997/6895997.pdf used on input line 700.
(pdftex.def)             Requested size: 245.72026pt x 122.85876pt.
 [48

 <./figures/6895997/6895997.pdf>] [49

]
<figures/normalExamples/normalExamples.pdf, id=1524, 476.78125pt x 289.08pt>
File: figures/normalExamples/normalExamples.pdf Graphic file (type pdf)

<use figures/normalExamples/normalExamples.pdf>
Package pdftex.def Info: figures/normalExamples/normalExamples.pdf used on inpu
t line 713.
(pdftex.def)             Requested size: 307.28987pt x 186.32504pt.
 [50

 <./figures/normalExamples/normalExamples.pdf>]
<figures/nbaNormal/nbaNormal.pdf, id=1556, 433.62pt x 180.675pt>
File: figures/nbaNormal/nbaNormal.pdf Graphic file (type pdf)

<use figures/nbaNormal/nbaNormal.pdf>
Package pdftex.def Info: figures/nbaNormal/nbaNormal.pdf used on input line 721
.
(pdftex.def)             Requested size: 307.28987pt x 128.04305pt.
 [51

 <./figures/nbaNormal/nbaNormal.pdf>]
<figures/pokerNormal/pokerNormal.pdf, id=1589, 469.755pt x 194.7275pt>
File: figures/pokerNormal/pokerNormal.pdf Graphic file (type pdf)

<use figures/pokerNormal/pokerNormal.pdf>
Package pdftex.def Info: figures/pokerNormal/pokerNormal.pdf used on input line
 730.
(pdftex.def)             Requested size: 307.28987pt x 127.37955pt.
 [52

 <./figures/pokerNormal/pokerNormal.pdf>] [53

] [54

] [55

]

Package amsmath Warning: Foreign command \atopwithdelims;
(amsmath)                \frac or \genfrac should be used instead
(amsmath)                 on input line 787.

[56

]
Overfull \hbox (19.23262pt too wide) in alignment at lines 806--806
 [][][] []
 []

pdfTeX warning (ext4): destination with the same identifier (name{binomialStats
}) has been already used, duplicate ignored
<to be read again> 
                   \relax 
l.806 \end{frame}
                  [57

]
<figures/fourBinomialModelsShowingApproxToNormal/fourBinomialModelsShowingAppro
xToNormal.pdf, id=1768, 397.485pt x 296.10625pt>
File: figures/fourBinomialModelsShowingApproxToNormal/fourBinomialModelsShowing
ApproxToNormal.pdf Graphic file (type pdf)

<use figures/fourBinomialModelsShowingApproxToNormal/fourBinomialModelsShowingA
pproxToNormal.pdf>
Package pdftex.def Info: figures/fourBinomialModelsShowingApproxToNormal/fourBi
nomialModelsShowingApproxToNormal.pdf used on input line 814.
(pdftex.def)             Requested size: 245.83282pt x 183.13666pt.

Overfull \vbox (4.51901pt too high) detected at line 814
 []

[58

 <./figures/fourBinomialModelsShowingApproxToNormal/fourBinomialModelsShowingAp
proxToNormal.pdf>] [59

] [60

] [61

] [62

] [63

] [64

]
<figures/netTimeRunningMean/netTimeRunningMean.pdf, id=1952, 377.41pt x 191.716
25pt>
File: figures/netTimeRunningMean/netTimeRunningMean.pdf Graphic file (type pdf)

 <use figures/netTimeRunningMean/netTimeRunningMean.pdf>
Package pdftex.def Info: figures/netTimeRunningMean/netTimeRunningMean.pdf used
 on input line 924.
(pdftex.def)             Requested size: 215.10196pt x 109.26768pt.
 [65

 <./figures/netTimeRunningMean/netTimeRunningMean.pdf>]
<figures/netTime1000SamplingDistribution/netTime1000SamplingDistribution.pdf, i
d=1983, 469.755pt x 230.8625pt>
File: figures/netTime1000SamplingDistribution/netTime1000SamplingDistribution.p
df Graphic file (type pdf)

<use figures/netTime1000SamplingDistribution/netTime1000SamplingDistribution.pd
f>
Package pdftex.def Info: figures/netTime1000SamplingDistribution/netTime1000Sam
plingDistribution.pdf used on input line 950.
(pdftex.def)             Requested size: 169.77725pt x 83.43803pt.

Overfull \hbox (46.09158pt too wide) in paragraph at lines 950--950
 []$$[]$ 
 []

[66

 <./figures/netTime1000SamplingDistribution/netTime1000SamplingDistribution.pdf
>] [67

] [68

] [69

]
<figures/netTimeBigSamplingDistribution/netTimeBigSamplingDistribution.pdf, id=
2096, 578.16pt x 226.8475pt>
File: figures/netTimeBigSamplingDistribution/netTimeBigSamplingDistribution.pdf
 Graphic file (type pdf)

<use figures/netTimeBigSamplingDistribution/netTimeBigSamplingDistribution.pdf>
Package pdftex.def Info: figures/netTimeBigSamplingDistribution/netTimeBigSampl
ingDistribution.pdf used on input line 991.
(pdftex.def)             Requested size: 276.559pt x 108.50826pt.
[70

 <./figures/netTimeBigSamplingDistribution/netTimeBigSamplingDistribution.pdf>]
 <figures/choosingZForCI/choosingZForCI.pdf, id=2133, 546.04pt x 277.035pt>
File: figures/choosingZForCI/choosingZForCI.pdf Graphic file (type pdf)

<use figures/choosingZForCI/choosingZForCI.pdf>
Package pdftex.def Info: figures/choosingZForCI/choosingZForCI.pdf used on inpu
t line 1006.
(pdftex.def)             Requested size: 215.10196pt x 109.13382pt.
 [71

 <./figures/choosingZForCI/choosingZForCI.pdf>] [72

] [73

] [74

]
<figures/95PercentConfidenceInterval/95PercentConfidenceInterval.pdf, id=2245, 
433.62pt x 289.08pt>
File: figures/95PercentConfidenceInterval/95PercentConfidenceInterval.pdf Graph
ic file (type pdf)

<use figures/95PercentConfidenceInterval/95PercentConfidenceInterval.pdf>
Package pdftex.def Info: figures/95PercentConfidenceInterval/95PercentConfidenc
eInterval.pdf used on input line 1048.
(pdftex.def)             Requested size: 215.10196pt x 143.4016pt.

[75

 <./figures/95PercentConfidenceInterval/95PercentConfidenceInterval.pdf>]
[76

] [77

] [78

] [79

] [80

] [81

]
<figures/whyWeWantPValue/whyWeWantPValue.pdf, id=2431, 454.69875pt x 180.675pt>
File: figures/whyWeWantPValue/whyWeWantPValue.pdf Graphic file (type pdf)
<use figures/whyWeWantPValue/whyWeWantPValue.pdf>
Package pdftex.def Info: figures/whyWeWantPValue/whyWeWantPValue.pdf used on in
put line 1126.
(pdftex.def)             Requested size: 230.46739pt x 91.57787pt.
 [82

 <./figures/whyWeWantPValue/whyWeWantPValue.pdf>]
<figures/histOfSleepForCollegeThatWasCheckingForMoreThan7Hours/histOfSleepForCo
llegeThatWasCheckingForMoreThan7Hours.pdf, id=2464, 361.35pt x 216.81pt>
File: figures/histOfSleepForCollegeThatWasCheckingForMoreThan7Hours/histOfSleep
ForCollegeThatWasCheckingForMoreThan7Hours.pdf Graphic file (type pdf)

<use figures/histOfSleepForCollegeThatWasCheckingForMoreThan7Hours/histOfSleepF
orCollegeThatWasCheckingForMoreThan7Hours.pdf>
Package pdftex.def Info: figures/histOfSleepForCollegeThatWasCheckingForMoreTha
n7Hours/histOfSleepForCollegeThatWasCheckingForMoreThan7Hours.pdf used on input
 line 1135.
(pdftex.def)             Requested size: 260.82794pt x 156.49014pt.
 [83

 <./figures/histOfSleepForCollegeThatWasCheckingForMoreThan7Hours/histOfSleepFo
rCollegeThatWasCheckingForMoreThan7Hours.pdf>] [84

]
<figures/pValueOneSidedSleepStudy/pValueOneSidedSleepStudy.pdf, id=2527, 487.82
25pt x 190.7125pt>
File: figures/pValueOneSidedSleepStudy/pValueOneSidedSleepStudy.pdf Graphic fil
e (type pdf)

<use figures/pValueOneSidedSleepStudy/pValueOneSidedSleepStudy.pdf>
Package pdftex.def Info: figures/pValueOneSidedSleepStudy/pValueOneSidedSleepSt
udy.pdf used on input line 1161.
(pdftex.def)             Requested size: 224.32028pt x 87.6968pt.
 [85

 <./figures/pValueOneSidedSleepStudy/pValueOneSidedSleepStudy.pdf>] [86

] [87

] [88

]
\tf@nav=\write6
\openout6 = `Class1.nav'.

\tf@toc=\write7
\openout7 = `Class1.toc'.

\tf@snm=\write8
\openout8 = `Class1.snm'.

Package atveryend Info: Empty hook `BeforeClearDocument' on input line 1215.
Package atveryend Info: Empty hook `AfterLastShipout' on input line 1215.

(./Class1.aux)
Package atveryend Info: Executing hook `AtVeryEndDocument' on input line 1215.
Package atveryend Info: Executing hook `AtEndAfterFileList' on input line 1215.

Package rerunfilecheck Info: File `Class1.out' has not changed.
(rerunfilecheck)             Checksum: D41D8CD98F00B204E9800998ECF8427E;0.


LaTeX Font Warning: Size substitutions with differences
(Font)              up to 1.0pt have occurred.


LaTeX Warning: There were multiply-defined labels.

Package atveryend Info: Empty hook `AtVeryVeryEnd' on input line 1215.
 ) 
Here is how much of TeX's memory you used:
 17268 strings out of 493633
 324130 string characters out of 3143378
 408791 words of memory out of 3000000
 19907 multiletter control sequences out of 15000+200000
 18311 words of font info for 68 fonts, out of 3000000 for 9000
 831 hyphenation exceptions out of 8191
 49i,15n,53p,508b,665s stack positions out of 5000i,500n,10000p,200000b,50000s
</usr/local/texlive/2011/texmf-dist/fonts/type1/public/amsfonts/cm/cmex10.pfb
></usr/local/texlive/2011/texmf-dist/fonts/type1/public/amsfonts/cm/cmmi10.pfb>
</usr/local/texlive/2011/texmf-dist/fonts/type1/public/amsfonts/cm/cmmi12.pfb><
/usr/local/texlive/2011/texmf-dist/fonts/type1/public/amsfonts/cm/cmmi6.pfb></u
sr/local/texlive/2011/texmf-dist/fonts/type1/public/amsfonts/cm/cmmi8.pfb></usr
/local/texlive/2011/texmf-dist/fonts/type1/public/amsfonts/cm/cmss10.pfb></usr/
local/texlive/2011/texmf-dist/fonts/type1/public/amsfonts/cm/cmss12.pfb></usr/l
ocal/texlive/2011/texmf-dist/fonts/type1/public/amsfonts/cm/cmss17.pfb></usr/lo
cal/texlive/2011/texmf-dist/fonts/type1/public/amsfonts/cm/cmss8.pfb></usr/loca
l/texlive/2011/texmf-dist/fonts/type1/public/amsfonts/cm/cmssbx10.pfb></usr/loc
al/texlive/2011/texmf-dist/fonts/type1/public/amsfonts/cm/cmssi10.pfb></usr/loc
al/texlive/2011/texmf-dist/fonts/type1/public/amsfonts/cm/cmssi12.pfb></usr/loc
al/texlive/2011/texmf-dist/fonts/type1/public/amsfonts/cm/cmssi8.pfb></usr/loca
l/texlive/2011/texmf-dist/fonts/type1/public/amsfonts/cm/cmsy10.pfb></usr/local
/texlive/2011/texmf-dist/fonts/type1/public/amsfonts/cm/cmsy6.pfb></usr/local/t
exlive/2011/texmf-dist/fonts/type1/public/amsfonts/cm/cmsy8.pfb></usr/local/tex
live/2011/texmf-dist/fonts/type1/public/amsfonts/symbols/msam10.pfb></usr/local
/texlive/2011/texmf-dist/fonts/type1/public/amsfonts/symbols/msam7.pfb>
Output written on Class1.pdf (88 pages, 1106624 bytes).
PDF statistics:
 2738 PDF objects out of 2984 (max. 8388607)
 2513 compressed objects within 26 object streams
 195 named destinations out of 1000 (max. 500000)
 228 words of extra memory for PDF output out of 10000 (max. 10000000)

